TN:
SF:/home/ehor/training/exploring-space/src/components/AppHeader/AppHeader.vue
FNF:0
FNH:0
DA:10,0
DA:11,0
DA:12,0
LF:3
LH:0
BRF:0
BRH:0
end_of_record
TN:
SF:/home/ehor/training/exploring-space/src/components/HeaderNav/HeaderNav.vue
FN:14,(anonymous_1)
FN:20,(anonymous_2)
FN:26,(anonymous_3)
FNF:3
FNH:0
FNDA:0,(anonymous_1)
FNDA:0,(anonymous_2)
FNDA:0,(anonymous_3)
DA:6,0
DA:7,0
DA:15,0
DA:21,0
DA:27,0
LF:5
LH:0
BRF:0
BRH:0
end_of_record
TN:
SF:/home/ehor/training/exploring-space/src/components/InputField/InputField.vue
FN:36,(anonymous_1)
FNF:1
FNH:0
FNDA:0,(anonymous_1)
DA:5,0
DA:6,0
DA:36,0
LF:3
LH:0
BRF:0
BRH:0
end_of_record
TN:
SF:/home/ehor/training/exploring-space/src/components/Loader/Loader.vue
FNF:0
FNH:0
DA:2,0
LF:1
LH:0
BRF:0
BRH:0
end_of_record
TN:
SF:/home/ehor/training/exploring-space/src/components/Logo/Logo.vue
FNF:0
FNH:0
DA:6,1
LF:1
LH:1
BRF:0
BRH:0
end_of_record
TN:
SF:/home/ehor/training/exploring-space/src/components/UiButton/UiButton.vue
FN:14,(anonymous_1)
FNF:1
FNH:1
FNDA:4,(anonymous_1)
DA:5,1
DA:15,4
LF:2
LH:2
BRF:0
BRH:0
end_of_record
TN:
SF:/home/ehor/training/exploring-space/src/views/Home/Home.vue
FN:30,(anonymous_1)
FN:43,(anonymous_2)
FN:45,(anonymous_3)
FN:52,(anonymous_4)
FN:59,(anonymous_5)
FN:62,(anonymous_6)
FN:68,(anonymous_7)
FN:72,(anonymous_8)
FN:75,(anonymous_9)
FNF:9
FNH:0
FNDA:0,(anonymous_1)
FNDA:0,(anonymous_2)
FNDA:0,(anonymous_3)
FNDA:0,(anonymous_4)
FNDA:0,(anonymous_5)
FNDA:0,(anonymous_6)
FNDA:0,(anonymous_7)
FNDA:0,(anonymous_8)
FNDA:0,(anonymous_9)
DA:6,0
DA:7,0
DA:9,0
DA:10,0
DA:13,0
DA:15,0
DA:31,0
DA:44,0
DA:45,0
DA:46,0
DA:49,0
DA:53,0
DA:54,0
DA:60,0
DA:63,0
DA:69,0
DA:73,0
DA:76,0
LF:18
LH:0
BRDA:44,0,0,0
BRDA:44,0,1,0
BRDA:46,1,0,0
BRDA:46,1,1,0
BRDA:53,2,0,0
BRDA:53,2,1,0
BRF:6
BRH:0
end_of_record
TN:
SF:/home/ehor/training/exploring-space/src/views/Observation/Observation.vue
FN:26,(anonymous_1)
FN:44,(anonymous_2)
FN:47,(anonymous_3)
FN:50,(anonymous_4)
FN:53,(anonymous_5)
FN:63,(anonymous_6)
FN:72,(anonymous_7)
FNF:7
FNH:0
FNDA:0,(anonymous_1)
FNDA:0,(anonymous_2)
FNDA:0,(anonymous_3)
FNDA:0,(anonymous_4)
FNDA:0,(anonymous_5)
FNDA:0,(anonymous_6)
FNDA:0,(anonymous_7)
DA:6,0
DA:7,0
DA:8,0
DA:9,0
DA:10,0
DA:12,0
DA:13,0
DA:14,0
DA:27,0
DA:45,0
DA:48,0
DA:51,0
DA:54,0
DA:55,0
DA:56,0
DA:57,0
DA:64,0
DA:65,0
DA:66,0
DA:72,0
DA:73,0
LF:21
LH:0
BRDA:55,0,0,0
BRDA:55,0,1,0
BRDA:56,1,0,0
BRDA:56,1,1,0
BRDA:65,2,0,0
BRDA:65,2,1,0
BRF:6
BRH:0
end_of_record
TN:
SF:/home/ehor/training/exploring-space/src/views/Rovers/Rovers.vue
FN:18,(anonymous_1)
FNF:1
FNH:0
FNDA:0,(anonymous_1)
DA:5,0
DA:6,0
DA:7,0
DA:8,0
DA:19,0
DA:20,0
LF:6
LH:0
BRF:0
BRH:0
end_of_record
TN:
SF:/home/ehor/training/exploring-space/src/views/Rovers/components/RoversContent/RoversContent.vue
FN:20,(anonymous_1)
FN:26,(anonymous_2)
FN:29,(anonymous_3)
FN:38,(anonymous_4)
FN:41,(anonymous_5)
FNF:5
FNH:0
FNDA:0,(anonymous_1)
FNDA:0,(anonymous_2)
FNDA:0,(anonymous_3)
FNDA:0,(anonymous_4)
FNDA:0,(anonymous_5)
DA:5,0
DA:6,0
DA:7,0
DA:9,0
DA:20,0
DA:27,0
DA:30,0
DA:39,0
DA:42,0
DA:43,0
LF:10
LH:0
BRF:0
BRH:0
end_of_record
TN:
SF:/home/ehor/training/exploring-space/src/views/Rovers/components/RoversForm/RoversForm.vue
FN:23,(anonymous_1)
FN:35,(anonymous_2)
FN:38,(anonymous_3)
FN:41,(anonymous_4)
FN:44,(anonymous_5)
FN:50,(anonymous_6)
FN:51,(anonymous_7)
FN:57,(anonymous_8)
FN:65,(anonymous_9)
FN:69,(anonymous_10)
FN:79,(anonymous_11)
FN:84,(anonymous_12)
FN:88,(anonymous_13)
FNF:13
FNH:0
FNDA:0,(anonymous_1)
FNDA:0,(anonymous_2)
FNDA:0,(anonymous_3)
FNDA:0,(anonymous_4)
FNDA:0,(anonymous_5)
FNDA:0,(anonymous_6)
FNDA:0,(anonymous_7)
FNDA:0,(anonymous_8)
FNDA:0,(anonymous_9)
FNDA:0,(anonymous_10)
FNDA:0,(anonymous_11)
FNDA:0,(anonymous_12)
FNDA:0,(anonymous_13)
DA:5,0
DA:6,0
DA:7,0
DA:8,0
DA:10,0
DA:11,0
DA:12,0
DA:23,0
DA:36,0
DA:39,0
DA:42,0
DA:45,0
DA:51,0
DA:53,0
DA:58,0
DA:59,0
DA:60,0
DA:65,0
DA:66,0
DA:70,0
DA:71,0
DA:72,0
DA:80,0
DA:81,0
DA:82,0
DA:85,0
DA:89,0
LF:27
LH:0
BRDA:51,0,0,0
BRDA:51,0,1,0
BRDA:53,1,0,0
BRDA:53,1,1,0
BRDA:59,2,0,0
BRDA:59,2,1,0
BRF:6
BRH:0
end_of_record
TN:
SF:/home/ehor/training/exploring-space/src/views/Rovers/components/RoversNav/RoversNav.vue
FN:11,(anonymous_1)
FNF:1
FNH:0
FNDA:0,(anonymous_1)
DA:5,0
DA:7,0
DA:12,0
LF:3
LH:0
BRF:0
BRH:0
end_of_record
